TN:
SF:src/MudraToken.sol
DA:58,52
FN:58,MudraToken.constructor
FNDA:52,MudraToken.constructor
DA:63,52
DA:64,52
DA:67,52
DA:69,52
DA:70,52
DA:71,52
DA:77,2
FN:77,MudraToken.decimals
FNDA:2,MudraToken.decimals
DA:78,2
DA:84,1143
FN:84,MudraToken.onlyWhitelister
FNDA:1143,MudraToken.onlyWhitelister
DA:85,1143
BRDA:85,0,0,-
BRDA:85,0,1,5
DA:92,6
FN:92,MudraToken.onlyBlacklister
FNDA:6,MudraToken.onlyBlacklister
DA:93,6
BRDA:93,1,0,1
BRDA:93,1,1,274
DA:100,53
FN:100,MudraToken._transferOwnership
FNDA:53,MudraToken._transferOwnership
DA:101,53
DA:104,53
BRDA:104,2,0,1
DA:105,1
DA:106,1
DA:107,1
DA:109,1
DA:110,1
DA:111,1
DA:115,53
DA:116,53
DA:117,53
DA:119,53
DA:120,53
DA:121,53
DA:123,53
DA:131,58
FN:131,MudraToken.setWhitelister
FNDA:58,MudraToken.setWhitelister
DA:132,56
BRDA:132,3,0,1
BRDA:132,3,1,55
DA:133,55
DA:134,55
DA:142,56
FN:142,MudraToken.setBlacklister
FNDA:56,MudraToken.setBlacklister
DA:143,55
BRDA:143,4,0,1
BRDA:143,4,1,54
DA:144,54
DA:145,54
DA:152,6
FN:152,MudraToken.setWhitelistingEnabled
FNDA:6,MudraToken.setWhitelistingEnabled
DA:153,5
DA:154,5
DA:162,1143
FN:162,MudraToken.setWhitelisted
FNDA:1143,MudraToken.setWhitelisted
DA:163,1142
BRDA:163,5,0,1
BRDA:163,5,1,1141
DA:164,1141
DA:165,1141
DA:173,275
FN:173,MudraToken.setBlacklisted
FNDA:275,MudraToken.setBlacklisted
DA:174,274
BRDA:174,6,0,1
BRDA:174,6,1,273
DA:177,273
BRDA:177,7,0,5
DA:178,5
DA:179,5
DA:180,5
DA:183,273
DA:184,273
DA:192,5
FN:192,MudraToken.batchWhitelist
FNDA:5,MudraToken.batchWhitelist
DA:193,5
BRDA:193,8,0,1
BRDA:193,8,1,4
DA:194,4
DA:195,309
DA:196,306
DA:197,306
DA:206,6
FN:206,MudraToken.batchBlacklist
FNDA:6,MudraToken.batchBlacklist
DA:207,6
BRDA:207,10,0,1
BRDA:207,10,1,5
DA:208,5
DA:209,312
DA:212,309
BRDA:212,12,0,3
DA:213,3
DA:214,3
DA:215,3
DA:218,309
DA:219,309
DA:227,1385
FN:227,MudraToken._update
FNDA:1385,MudraToken._update
DA:229,1384
BRDA:229,13,0,550
DA:230,550
BRDA:230,14,0,3
BRDA:230,14,1,547
DA:232,1381
BRDA:232,15,0,1113
DA:233,1113
BRDA:233,16,0,6
BRDA:233,16,1,1107
DA:237,1375
BRDA:237,17,0,275
DA:239,272
BRDA:239,18,0,272
DA:240,272
BRDA:240,19,0,1
BRDA:240,19,1,271
DA:241,271
BRDA:241,20,0,1
BRDA:241,20,1,270
DA:245,1373
DA:251,6
FN:251,MudraToken._spendAllowance
FNDA:6,MudraToken._spendAllowance
DA:252,6
BRDA:252,21,0,2
BRDA:252,21,1,4
DA:253,4
DA:261,838
FN:261,MudraToken.mint
FNDA:838,MudraToken.mint
DA:262,836
BRDA:262,22,0,1
BRDA:262,22,1,835
DA:263,835
BRDA:263,23,0,1
BRDA:263,23,1,834
DA:265,834
DA:273,263
FN:273,MudraToken.burnFrom
FNDA:263,MudraToken.burnFrom
DA:274,261
BRDA:274,24,0,1
BRDA:274,24,1,260
DA:276,260
DA:282,6
FN:282,MudraToken.pause
FNDA:6,MudraToken.pause
DA:283,5
DA:289,4
FN:289,MudraToken.unpause
FNDA:4,MudraToken.unpause
DA:290,4
DA:302,15
FN:302,MudraToken.approve
FNDA:15,MudraToken.approve
DA:303,14
DA:306,14
BRDA:306,25,0,1
BRDA:306,25,1,13
DA:307,13
BRDA:307,26,0,1
BRDA:307,26,1,12
DA:309,12
BRDA:309,27,0,1
BRDA:309,27,1,11
DA:311,11
FNF:19
FNH:19
LF:98
LH:98
BRF:45
BRH:44
end_of_record
